  [1m[36m (2.7ms)[0m  [1mCREATE TABLE "schema_migrations" ("version" varchar(255) NOT NULL) [0m
  [1m[35m (1.0ms)[0m  CREATE UNIQUE INDEX "unique_schema_migrations" ON "schema_migrations" ("version")
  [1m[36mActiveRecord::SchemaMigration Load (0.2ms)[0m  [1mSELECT "schema_migrations".* FROM "schema_migrations"[0m
Migrating to CreateSensitTopics (20131207182733)
  [1m[35m (0.1ms)[0m  begin transaction
  [1m[36m (0.5ms)[0m  [1mCREATE TABLE "sensit_topics" ("id" INTEGER PRIMARY KEY AUTOINCREMENT NOT NULL, "api_key_id" integer, "name" varchar(255), "description" varchar(255), "created_at" datetime, "updated_at" datetime) [0m
  [1m[35mSQL (0.3ms)[0m  INSERT INTO "schema_migrations" ("version") VALUES (?)  [["version", "20131207182733"]]
  [1m[36m (1.2ms)[0m  [1mcommit transaction[0m
Migrating to CreateSensitTopicFields (20131207182734)
  [1m[35m (0.1ms)[0m  begin transaction
  [1m[36m (0.3ms)[0m  [1mCREATE TABLE "sensit_topic_fields" ("id" INTEGER PRIMARY KEY AUTOINCREMENT NOT NULL, "name" varchar(255), "key" varchar(255), "unit_id" integer, "topic_id" integer, "created_at" datetime, "updated_at" datetime) [0m
  [1m[35mSQL (0.1ms)[0m  INSERT INTO "schema_migrations" ("version") VALUES (?)  [["version", "20131207182734"]]
  [1m[36m (1.4ms)[0m  [1mcommit transaction[0m
Migrating to CreateSensitDatatypes (20131207182735)
  [1m[35m (0.1ms)[0m  begin transaction
  [1m[36m (0.3ms)[0m  [1mCREATE TABLE "sensit_datatypes" ("id" INTEGER PRIMARY KEY AUTOINCREMENT NOT NULL, "name" varchar(255), "created_at" datetime, "updated_at" datetime) [0m
  [1m[35mSQL (0.1ms)[0m  INSERT INTO "schema_migrations" ("version") VALUES (?)  [["version", "20131207182735"]]
  [1m[36m (1.3ms)[0m  [1mcommit transaction[0m
Migrating to CreateSensitUnits (20131207182736)
  [1m[35m (0.1ms)[0m  begin transaction
  [1m[36m (0.3ms)[0m  [1mCREATE TABLE "sensit_units" ("id" INTEGER PRIMARY KEY AUTOINCREMENT NOT NULL, "name" varchar(255), "abbr" varchar(255), "datatype_id" integer, "group_id" integer, "created_at" datetime, "updated_at" datetime) [0m
  [1m[35mSQL (0.1ms)[0m  INSERT INTO "schema_migrations" ("version") VALUES (?)  [["version", "20131207182736"]]
  [1m[36m (1.3ms)[0m  [1mcommit transaction[0m
Migrating to CreateSensitUnitGroups (20131207182737)
  [1m[35m (0.1ms)[0m  begin transaction
  [1m[36m (0.3ms)[0m  [1mCREATE TABLE "sensit_unit_groups" ("id" INTEGER PRIMARY KEY AUTOINCREMENT NOT NULL, "name" varchar(255), "created_at" datetime, "updated_at" datetime) [0m
  [1m[35mSQL (0.1ms)[0m  INSERT INTO "schema_migrations" ("version") VALUES (?)  [["version", "20131207182737"]]
  [1m[36m (1.0ms)[0m  [1mcommit transaction[0m
Migrating to CreateSensitTopicReports (20131207182738)
  [1m[35m (0.1ms)[0m  begin transaction
  [1m[36m (0.3ms)[0m  [1mCREATE TABLE "sensit_topic_reports" ("id" INTEGER PRIMARY KEY AUTOINCREMENT NOT NULL, "name" varchar(255), "query" text, "topic_id" integer, "created_at" datetime, "updated_at" datetime) [0m
  [1m[35mSQL (0.1ms)[0m  INSERT INTO "schema_migrations" ("version") VALUES (?)  [["version", "20131207182738"]]
  [1m[36m (1.2ms)[0m  [1mcommit transaction[0m
Migrating to CreateSensitTopicSubscriptions (20131207182739)
  [1m[35m (0.1ms)[0m  begin transaction
  [1m[36m (0.3ms)[0m  [1mCREATE TABLE "sensit_topic_subscriptions" ("id" INTEGER PRIMARY KEY AUTOINCREMENT NOT NULL, "name" varchar(255), "host" varchar(255), "auth_token" varchar(255), "protocol" varchar(255), "topic_id" integer, "created_at" datetime, "updated_at" datetime) [0m
  [1m[35mSQL (0.1ms)[0m  INSERT INTO "schema_migrations" ("version") VALUES (?)  [["version", "20131207182739"]]
  [1m[36m (1.4ms)[0m  [1mcommit transaction[0m
Migrating to CreateSensitApiKeys (20131207182740)
  [1m[35m (0.1ms)[0m  begin transaction
  [1m[36m (0.3ms)[0m  [1mCREATE TABLE "sensit_api_keys" ("id" INTEGER PRIMARY KEY AUTOINCREMENT NOT NULL, "user_id" integer, "name" varchar(255), "access_token" varchar(255), "expires_at" datetime, "access_bitmask" integer, "created_at" datetime, "updated_at" datetime) [0m
  [1m[35mSQL (0.1ms)[0m  INSERT INTO "schema_migrations" ("version") VALUES (?)  [["version", "20131207182740"]]
  [1m[36m (1.2ms)[0m  [1mcommit transaction[0m
Migrating to CreateSensitApiKeyPermissions (20131207182741)
  [1m[35m (0.1ms)[0m  begin transaction
  [1m[36m (0.6ms)[0m  [1mCREATE TABLE "sensit_api_key_permissions" ("id" INTEGER PRIMARY KEY AUTOINCREMENT NOT NULL, "api_key_id" integer, "access_methods_bitmask" integer, "source_ip" varchar(255), "referer" varchar(255), "minimum_interval" integer, "name" varchar(255), "created_at" datetime, "updated_at" datetime) [0m
  [1m[35mSQL (0.2ms)[0m  INSERT INTO "schema_migrations" ("version") VALUES (?)  [["version", "20131207182741"]]
  [1m[36m (2.1ms)[0m  [1mcommit transaction[0m
Migrating to CreateSensitApiKeyPermissionRestrictions (20131207182742)
  [1m[35m (0.1ms)[0m  begin transaction
  [1m[36m (0.4ms)[0m  [1mCREATE TABLE "sensit_api_key_permission_restrictions" ("id" INTEGER PRIMARY KEY AUTOINCREMENT NOT NULL, "api_key_permission_id" integer, "resource_type" varchar(255), "resource_id" integer, "created_at" datetime, "updated_at" datetime) [0m
  [1m[35mSQL (0.1ms)[0m  INSERT INTO "schema_migrations" ("version") VALUES (?)  [["version", "20131207182742"]]
  [1m[36m (1.3ms)[0m  [1mcommit transaction[0m
  [1m[35mActiveRecord::SchemaMigration Load (0.1ms)[0m  SELECT "schema_migrations".* FROM "schema_migrations"
  [1m[36m (3.3ms)[0m  [1mCREATE TABLE "schema_migrations" ("version" varchar(255) NOT NULL) [0m
  [1m[35m (0.9ms)[0m  CREATE UNIQUE INDEX "unique_schema_migrations" ON "schema_migrations" ("version")
  [1m[36mActiveRecord::SchemaMigration Load (0.1ms)[0m  [1mSELECT "schema_migrations".* FROM "schema_migrations"[0m
Migrating to CreateSensitApiKeys (20131207182740)
  [1m[35m (0.1ms)[0m  begin transaction
  [1m[36m (0.4ms)[0m  [1mCREATE TABLE "sensit_api_keys" ("id" INTEGER PRIMARY KEY AUTOINCREMENT NOT NULL, "user_id" integer, "name" varchar(255), "access_token" varchar(255), "expires_at" datetime, "access_bitmask" integer, "created_at" datetime, "updated_at" datetime) [0m
  [1m[35mSQL (0.2ms)[0m  INSERT INTO "schema_migrations" ("version") VALUES (?)  [["version", "20131207182740"]]
  [1m[36m (1.0ms)[0m  [1mcommit transaction[0m
Migrating to CreateSensitApiKeyPermissions (20131207182741)
  [1m[35m (0.1ms)[0m  begin transaction
  [1m[36m (0.3ms)[0m  [1mCREATE TABLE "sensit_api_key_permissions" ("id" INTEGER PRIMARY KEY AUTOINCREMENT NOT NULL, "api_key_id" integer, "access_methods_bitmask" integer, "source_ip" varchar(255), "referer" varchar(255), "minimum_interval" integer, "name" varchar(255), "created_at" datetime, "updated_at" datetime) [0m
  [1m[35mSQL (0.1ms)[0m  INSERT INTO "schema_migrations" ("version") VALUES (?)  [["version", "20131207182741"]]
  [1m[36m (1.0ms)[0m  [1mcommit transaction[0m
Migrating to CreateSensitApiKeyPermissionRestrictions (20131207182742)
  [1m[35m (0.1ms)[0m  begin transaction
  [1m[36m (0.3ms)[0m  [1mCREATE TABLE "sensit_api_key_permission_restrictions" ("id" INTEGER PRIMARY KEY AUTOINCREMENT NOT NULL, "api_key_permission_id" integer, "resource_type" varchar(255), "resource_id" integer, "created_at" datetime, "updated_at" datetime) [0m
  [1m[35mSQL (0.1ms)[0m  INSERT INTO "schema_migrations" ("version") VALUES (?)  [["version", "20131207182742"]]
  [1m[36m (1.1ms)[0m  [1mcommit transaction[0m
Migrating to CreateSensitTopics (20131223045213)
  [1m[35m (0.1ms)[0m  begin transaction
  [1m[36m (0.3ms)[0m  [1mCREATE TABLE "sensit_topics" ("id" INTEGER PRIMARY KEY AUTOINCREMENT NOT NULL, "api_key_id" integer, "name" varchar(255), "description" varchar(255), "slug" varchar(255), "created_at" datetime, "updated_at" datetime) [0m
  [1m[35mSQL (0.1ms)[0m  INSERT INTO "schema_migrations" ("version") VALUES (?)  [["version", "20131223045213"]]
  [1m[36m (1.1ms)[0m  [1mcommit transaction[0m
Migrating to CreateSensitTopicFields (20131223045214)
  [1m[35m (0.1ms)[0m  begin transaction
  [1m[36m (0.3ms)[0m  [1mCREATE TABLE "sensit_topic_fields" ("id" INTEGER PRIMARY KEY AUTOINCREMENT NOT NULL, "name" varchar(255), "key" varchar(255), "unit_id" integer, "topic_id" integer, "datatype" varchar(255), "slug" varchar(255), "created_at" datetime, "updated_at" datetime) [0m
  [1m[35mSQL (0.1ms)[0m  INSERT INTO "schema_migrations" ("version") VALUES (?)  [["version", "20131223045214"]]
  [1m[36m (1.0ms)[0m  [1mcommit transaction[0m
Migrating to CreateSensitUnits (20131223045215)
  [1m[35m (0.1ms)[0m  begin transaction
  [1m[36m (0.3ms)[0m  [1mCREATE TABLE "sensit_units" ("id" INTEGER PRIMARY KEY AUTOINCREMENT NOT NULL, "name" varchar(255), "abbr" varchar(255), "group_id" integer, "created_at" datetime, "updated_at" datetime) [0m
  [1m[35mSQL (0.2ms)[0m  INSERT INTO "schema_migrations" ("version") VALUES (?)  [["version", "20131223045215"]]
  [1m[36m (3.3ms)[0m  [1mcommit transaction[0m
Migrating to CreateSensitUnitGroups (20131223045216)
  [1m[35m (0.1ms)[0m  begin transaction
  [1m[36m (0.4ms)[0m  [1mCREATE TABLE "sensit_unit_groups" ("id" INTEGER PRIMARY KEY AUTOINCREMENT NOT NULL, "name" varchar(255), "created_at" datetime, "updated_at" datetime) [0m
  [1m[35mSQL (0.1ms)[0m  INSERT INTO "schema_migrations" ("version") VALUES (?)  [["version", "20131223045216"]]
  [1m[36m (324.7ms)[0m  [1mcommit transaction[0m
Migrating to CreateSensitTopicReports (20131223045217)
  [1m[35m (0.1ms)[0m  begin transaction
  [1m[36m (0.5ms)[0m  [1mCREATE TABLE "sensit_topic_reports" ("id" INTEGER PRIMARY KEY AUTOINCREMENT NOT NULL, "name" varchar(255), "query" text, "topic_id" integer, "slug" varchar(255), "created_at" datetime, "updated_at" datetime) [0m
  [1m[35mSQL (0.2ms)[0m  INSERT INTO "schema_migrations" ("version") VALUES (?)  [["version", "20131223045217"]]
  [1m[36m (1.4ms)[0m  [1mcommit transaction[0m
Migrating to CreateSensitTopicSubscriptions (20131223045218)
  [1m[35m (0.1ms)[0m  begin transaction
  [1m[36m (0.3ms)[0m  [1mCREATE TABLE "sensit_topic_subscriptions" ("id" INTEGER PRIMARY KEY AUTOINCREMENT NOT NULL, "name" varchar(255), "host" varchar(255), "auth_token" varchar(255), "protocol" varchar(255), "topic_id" integer, "slug" varchar(255), "created_at" datetime, "updated_at" datetime) [0m
  [1m[35mSQL (0.1ms)[0m  INSERT INTO "schema_migrations" ("version") VALUES (?)  [["version", "20131223045218"]]
  [1m[36m (1.4ms)[0m  [1mcommit transaction[0m
  [1m[35mActiveRecord::SchemaMigration Load (0.1ms)[0m  SELECT "schema_migrations".* FROM "schema_migrations"
  [1m[36m (3.3ms)[0m  [1mCREATE TABLE "schema_migrations" ("version" varchar(255) NOT NULL) [0m
  [1m[35m (1.6ms)[0m  CREATE UNIQUE INDEX "unique_schema_migrations" ON "schema_migrations" ("version")
  [1m[36mActiveRecord::SchemaMigration Load (0.1ms)[0m  [1mSELECT "schema_migrations".* FROM "schema_migrations"[0m
Migrating to CreateSensitTopics (20131223200313)
  [1m[35m (0.1ms)[0m  begin transaction
  [1m[36m (0.4ms)[0m  [1mCREATE TABLE "sensit_topics" ("id" INTEGER PRIMARY KEY AUTOINCREMENT NOT NULL, "name" varchar(255), "description" varchar(255), "slug" varchar(255), "created_at" datetime, "updated_at" datetime) [0m
  [1m[35mSQL (0.2ms)[0m  INSERT INTO "schema_migrations" ("version") VALUES (?)  [["version", "20131223200313"]]
  [1m[36m (1.1ms)[0m  [1mcommit transaction[0m
Migrating to CreateSensitTopicReports (20131223200314)
  [1m[35m (0.1ms)[0m  begin transaction
  [1m[36m (0.3ms)[0m  [1mCREATE TABLE "sensit_topic_reports" ("id" INTEGER PRIMARY KEY AUTOINCREMENT NOT NULL, "name" varchar(255), "query" text, "topic_id" integer, "slug" varchar(255), "created_at" datetime, "updated_at" datetime) [0m
  [1m[35mSQL (0.2ms)[0m  INSERT INTO "schema_migrations" ("version") VALUES (?)  [["version", "20131223200314"]]
  [1m[36m (0.9ms)[0m  [1mcommit transaction[0m
  [1m[35mActiveRecord::SchemaMigration Load (0.1ms)[0m  SELECT "schema_migrations".* FROM "schema_migrations"
  [1m[36m (2.9ms)[0m  [1mCREATE TABLE "schema_migrations" ("version" varchar(255) NOT NULL) [0m
  [1m[35m (1.0ms)[0m  CREATE UNIQUE INDEX "unique_schema_migrations" ON "schema_migrations" ("version")
  [1m[36mActiveRecord::SchemaMigration Load (0.1ms)[0m  [1mSELECT "schema_migrations".* FROM "schema_migrations"[0m
Migrating to CreateSensitTopics (20131223200313)
  [1m[35m (0.1ms)[0m  begin transaction
  [1m[36m (0.4ms)[0m  [1mCREATE TABLE "sensit_topics" ("id" INTEGER PRIMARY KEY AUTOINCREMENT NOT NULL, "name" varchar(255), "description" varchar(255), "slug" varchar(255), "created_at" datetime, "updated_at" datetime) [0m
  [1m[35mSQL (0.2ms)[0m  INSERT INTO "schema_migrations" ("version") VALUES (?)  [["version", "20131223200313"]]
  [1m[36m (1.2ms)[0m  [1mcommit transaction[0m
Migrating to CreateSensitTopicReports (20140103000038)
  [1m[36mActiveRecord::SchemaMigration Load (0.1ms)[0m  [1mSELECT "schema_migrations".* FROM "schema_migrations"[0m
Migrating to CreateSensitTopicReports (20140103000038)
  [1m[35m (0.1ms)[0m  begin transaction
  [1m[36m (0.4ms)[0m  [1mCREATE TABLE "sensit_topic_reports" ("id" INTEGER PRIMARY KEY AUTOINCREMENT NOT NULL, "name" varchar(255), "query" text, "facets" text, "topic_id" integer, "slug" varchar(255), "created_at" datetime, "updated_at" datetime) [0m
  [1m[35mSQL (0.2ms)[0m  INSERT INTO "schema_migrations" ("version") VALUES (?)  [["version", "20140103000038"]]
  [1m[36m (2.0ms)[0m  [1mcommit transaction[0m
  [1m[35mActiveRecord::SchemaMigration Load (0.1ms)[0m  SELECT "schema_migrations".* FROM "schema_migrations"
  [1m[36m (1.7ms)[0m  [1mCREATE TABLE "schema_migrations" ("version" varchar(255) NOT NULL) [0m
  [1m[35m (1.2ms)[0m  CREATE UNIQUE INDEX "unique_schema_migrations" ON "schema_migrations" ("version")
  [1m[36mActiveRecord::SchemaMigration Load (0.1ms)[0m  [1mSELECT "schema_migrations".* FROM "schema_migrations"[0m
Migrating to CreateSensitTopics (20140103015431)
  [1m[35m (0.1ms)[0m  begin transaction
  [1m[36m (0.4ms)[0m  [1mCREATE TABLE "sensit_topics" ("id" INTEGER PRIMARY KEY AUTOINCREMENT NOT NULL, "name" varchar(255), "description" varchar(255), "slug" varchar(255), "created_at" datetime, "updated_at" datetime) [0m
  [1m[35mSQL (0.2ms)[0m  INSERT INTO "schema_migrations" ("version") VALUES (?)  [["version", "20140103015431"]]
  [1m[36m (1.2ms)[0m  [1mcommit transaction[0m
Migrating to CreateSensitTopicFields (20140103015432)
  [1m[35m (0.1ms)[0m  begin transaction
  [1m[36m (22.4ms)[0m  [1mCREATE TABLE "sensit_topic_fields" ("id" INTEGER PRIMARY KEY AUTOINCREMENT NOT NULL, "name" varchar(255), "key" varchar(255), "unit_id" integer, "topic_id" integer, "datatype" varchar(255), "slug" varchar(255), "created_at" datetime, "updated_at" datetime) [0m
  [1m[35mSQL (0.1ms)[0m  INSERT INTO "schema_migrations" ("version") VALUES (?)  [["version", "20140103015432"]]
  [1m[36m (1.2ms)[0m  [1mcommit transaction[0m
Migrating to CreateSensitTopicReports (20140103015433)
  [1m[35m (0.1ms)[0m  begin transaction
  [1m[36m (0.5ms)[0m  [1mCREATE TABLE "sensit_topic_reports" ("id" INTEGER PRIMARY KEY AUTOINCREMENT NOT NULL, "name" varchar(255), "query" text, "facets" text, "topic_id" integer, "slug" varchar(255), "created_at" datetime, "updated_at" datetime) [0m
  [1m[35mSQL (0.1ms)[0m  INSERT INTO "schema_migrations" ("version") VALUES (?)  [["version", "20140103015433"]]
  [1m[36m (1.2ms)[0m  [1mcommit transaction[0m
  [1m[35mActiveRecord::SchemaMigration Load (0.1ms)[0m  SELECT "schema_migrations".* FROM "schema_migrations"
  [1m[36m (2.4ms)[0m  [1mCREATE TABLE "schema_migrations" ("version" varchar(255) NOT NULL) [0m
  [1m[35m (1.1ms)[0m  CREATE UNIQUE INDEX "unique_schema_migrations" ON "schema_migrations" ("version")
  [1m[36mActiveRecord::SchemaMigration Load (0.1ms)[0m  [1mSELECT "schema_migrations".* FROM "schema_migrations"[0m
  [1m[36mActiveRecord::SchemaMigration Load (0.2ms)[0m  [1mSELECT "schema_migrations".* FROM "schema_migrations"[0m
Migrating to CreateSensitTopics (20140108014253)
  [1m[35m (0.1ms)[0m  begin transaction
  [1m[36m (0.5ms)[0m  [1mCREATE TABLE "sensit_topics" ("id" INTEGER PRIMARY KEY AUTOINCREMENT NOT NULL, "name" varchar(255), "description" varchar(255), "slug" varchar(255), "created_at" datetime, "updated_at" datetime) [0m
  [1m[35mSQL (0.2ms)[0m  INSERT INTO "schema_migrations" ("version") VALUES (?)  [["version", "20140108014253"]]
  [1m[36m (2.6ms)[0m  [1mcommit transaction[0m
Migrating to CreateSensitTopicFields (20140108014254)
  [1m[35m (0.1ms)[0m  begin transaction
  [1m[36m (0.4ms)[0m  [1mCREATE TABLE "sensit_topic_fields" ("id" INTEGER PRIMARY KEY AUTOINCREMENT NOT NULL, "name" varchar(255), "key" varchar(255), "unit_id" integer, "topic_id" integer, "datatype" varchar(255), "slug" varchar(255), "created_at" datetime, "updated_at" datetime) [0m
  [1m[35mSQL (0.2ms)[0m  INSERT INTO "schema_migrations" ("version") VALUES (?)  [["version", "20140108014254"]]
  [1m[36m (3.7ms)[0m  [1mcommit transaction[0m
Migrating to CreateSensitTopicReports (20140108014255)
  [1m[35m (0.1ms)[0m  begin transaction
  [1m[36m (0.3ms)[0m  [1mCREATE TABLE "sensit_topic_reports" ("id" INTEGER PRIMARY KEY AUTOINCREMENT NOT NULL, "name" varchar(255), "query" text, "topic_id" integer, "slug" varchar(255), "created_at" datetime, "updated_at" datetime) [0m
  [1m[35mSQL (0.1ms)[0m  INSERT INTO "schema_migrations" ("version") VALUES (?)  [["version", "20140108014255"]]
  [1m[36m (1.5ms)[0m  [1mcommit transaction[0m
Migrating to CreateSensitTopicReportFacets (20140108014256)
  [1m[35m (0.1ms)[0m  begin transaction
  [1m[36m (0.3ms)[0m  [1mCREATE TABLE "sensit_topic_report_facets" ("id" INTEGER PRIMARY KEY AUTOINCREMENT NOT NULL, "name" varchar(255), "body" text, "report_id" integer, "created_at" datetime, "updated_at" datetime) [0m
  [1m[35mSQL (0.1ms)[0m  INSERT INTO "schema_migrations" ("version") VALUES (?)  [["version", "20140108014256"]]
  [1m[36m (1.5ms)[0m  [1mcommit transaction[0m
  [1m[35mActiveRecord::SchemaMigration Load (0.2ms)[0m  SELECT "schema_migrations".* FROM "schema_migrations"
  [1m[36m (3.2ms)[0m  [1mCREATE TABLE "schema_migrations" ("version" varchar(255) NOT NULL) [0m
  [1m[35m (1.3ms)[0m  CREATE UNIQUE INDEX "unique_schema_migrations" ON "schema_migrations" ("version")
  [1m[36mActiveRecord::SchemaMigration Load (0.2ms)[0m  [1mSELECT "schema_migrations".* FROM "schema_migrations"[0m
Migrating to CreateSensitTopics (20140111003100)
  [1m[35m (0.1ms)[0m  begin transaction
  [1m[36m (0.4ms)[0m  [1mCREATE TABLE "sensit_topics" ("id" INTEGER PRIMARY KEY AUTOINCREMENT NOT NULL, "name" varchar(255), "description" varchar(255), "slug" varchar(255), "created_at" datetime, "updated_at" datetime) [0m
  [1m[35mSQL (0.2ms)[0m  INSERT INTO "schema_migrations" ("version") VALUES (?)  [["version", "20140111003100"]]
  [1m[36m (1.1ms)[0m  [1mcommit transaction[0m
Migrating to CreateSensitTopicFields (20140111003101)
  [1m[35m (0.1ms)[0m  begin transaction
  [1m[36m (0.3ms)[0m  [1mCREATE TABLE "sensit_topic_fields" ("id" INTEGER PRIMARY KEY AUTOINCREMENT NOT NULL, "name" varchar(255), "key" varchar(255), "unit_id" integer, "topic_id" integer, "datatype" varchar(255), "slug" varchar(255), "created_at" datetime, "updated_at" datetime) [0m
  [1m[35mSQL (0.1ms)[0m  INSERT INTO "schema_migrations" ("version") VALUES (?)  [["version", "20140111003101"]]
  [1m[36m (0.9ms)[0m  [1mcommit transaction[0m
Migrating to CreateSensitTopicReports (20140111003102)
  [1m[35m (0.1ms)[0m  begin transaction
  [1m[36m (0.3ms)[0m  [1mCREATE TABLE "sensit_topic_reports" ("id" INTEGER PRIMARY KEY AUTOINCREMENT NOT NULL, "name" varchar(255), "query" text, "topic_id" integer, "slug" varchar(255), "created_at" datetime, "updated_at" datetime) [0m
  [1m[35mSQL (0.1ms)[0m  INSERT INTO "schema_migrations" ("version") VALUES (?)  [["version", "20140111003102"]]
  [1m[36m (1.0ms)[0m  [1mcommit transaction[0m
Migrating to CreateSensitTopicReportFacets (20140111003103)
  [1m[35m (0.1ms)[0m  begin transaction
  [1m[36m (0.3ms)[0m  [1mCREATE TABLE "sensit_topic_report_facets" ("id" INTEGER PRIMARY KEY AUTOINCREMENT NOT NULL, "name" varchar(255), "slug" varchar(255), "query" text, "report_id" integer, "created_at" datetime, "updated_at" datetime) [0m
  [1m[35mSQL (0.1ms)[0m  INSERT INTO "schema_migrations" ("version") VALUES (?)  [["version", "20140111003103"]]
  [1m[36m (0.9ms)[0m  [1mcommit transaction[0m
  [1m[35mActiveRecord::SchemaMigration Load (0.1ms)[0m  SELECT "schema_migrations".* FROM "schema_migrations"
  [1m[36m (2.7ms)[0m  [1mCREATE TABLE "schema_migrations" ("version" varchar(255) NOT NULL) [0m
  [1m[35m (1.7ms)[0m  CREATE UNIQUE INDEX "unique_schema_migrations" ON "schema_migrations" ("version")
  [1m[36mActiveRecord::SchemaMigration Load (0.2ms)[0m  [1mSELECT "schema_migrations".* FROM "schema_migrations"[0m
Migrating to CreateSensitTopics (20140116022121)
  [1m[35m (0.1ms)[0m  begin transaction
  [1m[36m (0.4ms)[0m  [1mCREATE TABLE "sensit_topics" ("id" INTEGER PRIMARY KEY AUTOINCREMENT NOT NULL, "name" varchar(255), "description" varchar(255), "slug" varchar(255), "user_id" integer, "created_at" datetime, "updated_at" datetime) [0m
  [1m[35mSQL (0.2ms)[0m  INSERT INTO "schema_migrations" ("version") VALUES (?)  [["version", "20140116022121"]]
  [1m[36m (1.9ms)[0m  [1mcommit transaction[0m
Migrating to CreateSensitUsers (20140116022122)
  [1m[35m (0.1ms)[0m  begin transaction
  [1m[36m (0.3ms)[0m  [1mCREATE TABLE "sensit_users" ("id" INTEGER PRIMARY KEY AUTOINCREMENT NOT NULL, "name" varchar(255), "password_digest" varchar(255), "created_at" datetime, "updated_at" datetime) [0m
  [1m[35mSQL (0.1ms)[0m  INSERT INTO "schema_migrations" ("version") VALUES (?)  [["version", "20140116022122"]]
  [1m[36m (1.1ms)[0m  [1mcommit transaction[0m
Migrating to CreateSensitTopicFields (20140116022123)
  [1m[35m (0.1ms)[0m  begin transaction
  [1m[36m (0.3ms)[0m  [1mCREATE TABLE "sensit_topic_fields" ("id" INTEGER PRIMARY KEY AUTOINCREMENT NOT NULL, "name" varchar(255), "key" varchar(255), "unit_id" integer, "topic_id" integer, "datatype" varchar(255), "slug" varchar(255), "created_at" datetime, "updated_at" datetime) [0m
  [1m[35mSQL (0.1ms)[0m  INSERT INTO "schema_migrations" ("version") VALUES (?)  [["version", "20140116022123"]]
  [1m[36m (1.3ms)[0m  [1mcommit transaction[0m
Migrating to CreateSensitTopicReports (20140116022124)
  [1m[35m (0.1ms)[0m  begin transaction
  [1m[36m (0.3ms)[0m  [1mCREATE TABLE "sensit_topic_reports" ("id" INTEGER PRIMARY KEY AUTOINCREMENT NOT NULL, "name" varchar(255), "query" text, "topic_id" integer, "slug" varchar(255), "created_at" datetime, "updated_at" datetime) [0m
  [1m[35mSQL (0.2ms)[0m  INSERT INTO "schema_migrations" ("version") VALUES (?)  [["version", "20140116022124"]]
  [1m[36m (1.2ms)[0m  [1mcommit transaction[0m
Migrating to CreateSensitTopicReportFacets (20140116022125)
  [1m[35m (0.1ms)[0m  begin transaction
  [1m[36m (0.3ms)[0m  [1mCREATE TABLE "sensit_topic_report_facets" ("id" INTEGER PRIMARY KEY AUTOINCREMENT NOT NULL, "name" varchar(255), "slug" varchar(255), "query" text, "report_id" integer, "created_at" datetime, "updated_at" datetime) [0m
  [1m[35mSQL (0.2ms)[0m  INSERT INTO "schema_migrations" ("version") VALUES (?)  [["version", "20140116022125"]]
  [1m[36m (1.1ms)[0m  [1mcommit transaction[0m
  [1m[35mActiveRecord::SchemaMigration Load (0.1ms)[0m  SELECT "schema_migrations".* FROM "schema_migrations"
  [1m[36m (2.9ms)[0m  [1mCREATE TABLE "schema_migrations" ("version" varchar(255) NOT NULL) [0m
  [1m[35m (1.3ms)[0m  CREATE UNIQUE INDEX "unique_schema_migrations" ON "schema_migrations" ("version")
  [1m[36mActiveRecord::SchemaMigration Load (0.1ms)[0m  [1mSELECT "schema_migrations".* FROM "schema_migrations"[0m
Migrating to CreateSensitTopics (20140125224027)
  [1m[35m (0.1ms)[0m  begin transaction
  [1m[36m (0.4ms)[0m  [1mCREATE TABLE "sensit_topics" ("id" INTEGER PRIMARY KEY AUTOINCREMENT NOT NULL, "name" varchar(255), "description" varchar(255), "slug" varchar(255), "user_id" integer, "application_id" integer, "ttl" integer, "created_at" datetime, "updated_at" datetime) [0m
  [1m[35mSQL (0.2ms)[0m  INSERT INTO "schema_migrations" ("version") VALUES (?)  [["version", "20140125224027"]]
  [1m[36m (1.2ms)[0m  [1mcommit transaction[0m
Migrating to AddNameToSensitUsers (20140125224028)
  [1m[35m (0.1ms)[0m  begin transaction
  [1m[36m (0.3ms)[0m  [1mALTER TABLE "sensit_users" ADD "name" varchar(255)[0m
SQLite3::SQLException: no such table: sensit_users: ALTER TABLE "sensit_users" ADD "name" varchar(255)
  [1m[35m (0.1ms)[0m  rollback transaction
  [1m[36m (2.9ms)[0m  [1mCREATE TABLE "schema_migrations" ("version" varchar(255) NOT NULL) [0m
  [1m[35m (1.2ms)[0m  CREATE UNIQUE INDEX "unique_schema_migrations" ON "schema_migrations" ("version")
  [1m[36mActiveRecord::SchemaMigration Load (0.1ms)[0m  [1mSELECT "schema_migrations".* FROM "schema_migrations"[0m
Migrating to DeviseCreateSensitUsers (20140125230430)
  [1m[35m (0.1ms)[0m  begin transaction
  [1m[36m (0.4ms)[0m  [1mCREATE TABLE "sensit_users" ("id" INTEGER PRIMARY KEY AUTOINCREMENT NOT NULL, "email" varchar(255) DEFAULT '' NOT NULL, "encrypted_password" varchar(255) DEFAULT '' NOT NULL, "reset_password_token" varchar(255), "reset_password_sent_at" datetime, "remember_created_at" datetime, "sign_in_count" integer DEFAULT 0 NOT NULL, "current_sign_in_at" datetime, "last_sign_in_at" datetime, "current_sign_in_ip" varchar(255), "last_sign_in_ip" varchar(255), "created_at" datetime, "updated_at" datetime) [0m
  [1m[35m (0.8ms)[0m  CREATE UNIQUE INDEX "index_sensit_users_on_email" ON "sensit_users" ("email")
  [1m[36m (0.1ms)[0m  [1mCREATE UNIQUE INDEX "index_sensit_users_on_reset_password_token" ON "sensit_users" ("reset_password_token")[0m
  [1m[35mSQL (0.2ms)[0m  INSERT INTO "schema_migrations" ("version") VALUES (?)  [["version", "20140125230430"]]
  [1m[36m (1.2ms)[0m  [1mcommit transaction[0m
Migrating to CreateDoorkeeperTables (20140125230433)
  [1m[35m (0.1ms)[0m  begin transaction
  [1m[36m (0.3ms)[0m  [1mCREATE TABLE "oauth_applications" ("id" INTEGER PRIMARY KEY AUTOINCREMENT NOT NULL, "name" varchar(255) NOT NULL, "uid" varchar(255) NOT NULL, "secret" varchar(255) NOT NULL, "redirect_uri" text NOT NULL, "created_at" datetime, "updated_at" datetime) [0m
  [1m[35m (0.3ms)[0m  CREATE UNIQUE INDEX "index_oauth_applications_on_uid" ON "oauth_applications" ("uid")
  [1m[36m (0.3ms)[0m  [1mCREATE TABLE "oauth_access_grants" ("id" INTEGER PRIMARY KEY AUTOINCREMENT NOT NULL, "resource_owner_id" integer NOT NULL, "application_id" integer NOT NULL, "token" varchar(255) NOT NULL, "expires_in" integer NOT NULL, "redirect_uri" text NOT NULL, "created_at" datetime NOT NULL, "revoked_at" datetime, "scopes" varchar(255)) [0m
  [1m[35m (0.1ms)[0m  CREATE UNIQUE INDEX "index_oauth_access_grants_on_token" ON "oauth_access_grants" ("token")
  [1m[36m (0.1ms)[0m  [1mCREATE TABLE "oauth_access_tokens" ("id" INTEGER PRIMARY KEY AUTOINCREMENT NOT NULL, "resource_owner_id" integer, "application_id" integer, "token" varchar(255) NOT NULL, "refresh_token" varchar(255), "expires_in" integer, "revoked_at" datetime, "created_at" datetime NOT NULL, "scopes" varchar(255)) [0m
  [1m[35m (0.1ms)[0m  CREATE UNIQUE INDEX "index_oauth_access_tokens_on_token" ON "oauth_access_tokens" ("token")
  [1m[36m (0.1ms)[0m  [1mCREATE INDEX "index_oauth_access_tokens_on_resource_owner_id" ON "oauth_access_tokens" ("resource_owner_id")[0m
  [1m[35m (0.1ms)[0m  CREATE UNIQUE INDEX "index_oauth_access_tokens_on_refresh_token" ON "oauth_access_tokens" ("refresh_token")
  [1m[36mSQL (0.1ms)[0m  [1mINSERT INTO "schema_migrations" ("version") VALUES (?)[0m  [["version", "20140125230433"]]
  [1m[35m (1.0ms)[0m  commit transaction
Migrating to CreateSensitTopics (20140125230435)
  [1m[36m (0.1ms)[0m  [1mbegin transaction[0m
  [1m[35m (0.3ms)[0m  CREATE TABLE "sensit_topics" ("id" INTEGER PRIMARY KEY AUTOINCREMENT NOT NULL, "name" varchar(255), "description" varchar(255), "slug" varchar(255), "user_id" integer, "application_id" integer, "ttl" integer, "created_at" datetime, "updated_at" datetime) 
  [1m[36mSQL (0.1ms)[0m  [1mINSERT INTO "schema_migrations" ("version") VALUES (?)[0m  [["version", "20140125230435"]]
  [1m[35m (1.0ms)[0m  commit transaction
Migrating to AddNameToSensitUsers (20140125230436)
  [1m[36m (0.1ms)[0m  [1mbegin transaction[0m
  [1m[35m (0.5ms)[0m  ALTER TABLE "sensit_users" ADD "name" varchar(255)
  [1m[36mSQL (0.2ms)[0m  [1mINSERT INTO "schema_migrations" ("version") VALUES (?)[0m  [["version", "20140125230436"]]
  [1m[35m (1.9ms)[0m  commit transaction
Migrating to CreateSensitTopicFields (20140125230437)
  [1m[36m (0.1ms)[0m  [1mbegin transaction[0m
  [1m[35m (0.5ms)[0m  CREATE TABLE "sensit_topic_fields" ("id" INTEGER PRIMARY KEY AUTOINCREMENT NOT NULL, "name" varchar(255), "key" varchar(255), "unit_id" integer, "topic_id" integer, "datatype" varchar(255), "slug" varchar(255), "created_at" datetime, "updated_at" datetime) 
  [1m[36mSQL (0.2ms)[0m  [1mINSERT INTO "schema_migrations" ("version") VALUES (?)[0m  [["version", "20140125230437"]]
  [1m[35m (3.0ms)[0m  commit transaction
Migrating to CreateSensitTopicReports (20140125230438)
  [1m[36m (0.1ms)[0m  [1mbegin transaction[0m
  [1m[35m (0.5ms)[0m  CREATE TABLE "sensit_topic_reports" ("id" INTEGER PRIMARY KEY AUTOINCREMENT NOT NULL, "name" varchar(255), "query" text, "topic_id" integer, "slug" varchar(255), "created_at" datetime, "updated_at" datetime) 
  [1m[36mSQL (0.2ms)[0m  [1mINSERT INTO "schema_migrations" ("version") VALUES (?)[0m  [["version", "20140125230438"]]
  [1m[35m (0.8ms)[0m  commit transaction
Migrating to CreateSensitTopicReportFacets (20140125230439)
  [1m[36m (0.1ms)[0m  [1mbegin transaction[0m
  [1m[35m (0.5ms)[0m  CREATE TABLE "sensit_topic_report_facets" ("id" INTEGER PRIMARY KEY AUTOINCREMENT NOT NULL, "name" varchar(255), "slug" varchar(255), "query" text, "report_id" integer, "created_at" datetime, "updated_at" datetime) 
  [1m[36mSQL (0.2ms)[0m  [1mINSERT INTO "schema_migrations" ("version") VALUES (?)[0m  [["version", "20140125230439"]]
  [1m[35m (1.2ms)[0m  commit transaction
  [1m[36mActiveRecord::SchemaMigration Load (0.1ms)[0m  [1mSELECT "schema_migrations".* FROM "schema_migrations"[0m
  [1m[36m (2.0ms)[0m  [1mCREATE TABLE "schema_migrations" ("version" varchar(255) NOT NULL) [0m
  [1m[35m (2.2ms)[0m  CREATE UNIQUE INDEX "unique_schema_migrations" ON "schema_migrations" ("version")
  [1m[36mActiveRecord::SchemaMigration Load (0.2ms)[0m  [1mSELECT "schema_migrations".* FROM "schema_migrations"[0m
Migrating to AddDeviseToSensitUsers (20140204134443)
  [1m[35m (0.1ms)[0m  begin transaction
  [1m[36m (1.1ms)[0m  [1mALTER TABLE "sensit_users" ADD "email" varchar(255) DEFAULT '' NOT NULL[0m
SQLite3::SQLException: no such table: sensit_users: ALTER TABLE "sensit_users" ADD "email" varchar(255) DEFAULT '' NOT NULL
  [1m[35m (0.1ms)[0m  rollback transaction
  [1m[36m (3.2ms)[0m  [1mCREATE TABLE "schema_migrations" ("version" varchar(255) NOT NULL) [0m
  [1m[35m (1.3ms)[0m  CREATE UNIQUE INDEX "unique_schema_migrations" ON "schema_migrations" ("version")
  [1m[36mActiveRecord::SchemaMigration Load (0.2ms)[0m  [1mSELECT "schema_migrations".* FROM "schema_migrations"[0m
Migrating to DeviseCreateSensitUsers (20140204134743)
  [1m[35m (0.1ms)[0m  begin transaction
  [1m[36m (0.7ms)[0m  [1mCREATE TABLE "sensit_users" ("id" INTEGER PRIMARY KEY AUTOINCREMENT NOT NULL, "email" varchar(255) DEFAULT '' NOT NULL, "encrypted_password" varchar(255) DEFAULT '' NOT NULL, "reset_password_token" varchar(255), "reset_password_sent_at" datetime, "remember_created_at" datetime, "sign_in_count" integer DEFAULT 0 NOT NULL, "current_sign_in_at" datetime, "last_sign_in_at" datetime, "current_sign_in_ip" varchar(255), "last_sign_in_ip" varchar(255), "created_at" datetime, "updated_at" datetime) [0m
  [1m[35m (0.5ms)[0m  CREATE UNIQUE INDEX "index_sensit_users_on_email" ON "sensit_users" ("email")
  [1m[36m (0.2ms)[0m  [1mCREATE UNIQUE INDEX "index_sensit_users_on_reset_password_token" ON "sensit_users" ("reset_password_token")[0m
  [1m[35mSQL (1.1ms)[0m  INSERT INTO "schema_migrations" ("version") VALUES (?)  [["version", "20140204134743"]]
  [1m[36m (1.8ms)[0m  [1mcommit transaction[0m
Migrating to CreateDoorkeeperTables (20140204134750)
  [1m[35m (0.1ms)[0m  begin transaction
  [1m[36m (0.5ms)[0m  [1mCREATE TABLE "oauth_applications" ("id" INTEGER PRIMARY KEY AUTOINCREMENT NOT NULL, "name" varchar(255) NOT NULL, "uid" varchar(255) NOT NULL, "secret" varchar(255) NOT NULL, "redirect_uri" text NOT NULL, "created_at" datetime, "updated_at" datetime) [0m
  [1m[35m (0.4ms)[0m  CREATE UNIQUE INDEX "index_oauth_applications_on_uid" ON "oauth_applications" ("uid")
  [1m[36m (0.2ms)[0m  [1mCREATE TABLE "oauth_access_grants" ("id" INTEGER PRIMARY KEY AUTOINCREMENT NOT NULL, "resource_owner_id" integer NOT NULL, "application_id" integer NOT NULL, "token" varchar(255) NOT NULL, "expires_in" integer NOT NULL, "redirect_uri" text NOT NULL, "created_at" datetime NOT NULL, "revoked_at" datetime, "scopes" varchar(255)) [0m
  [1m[35m (0.2ms)[0m  CREATE UNIQUE INDEX "index_oauth_access_grants_on_token" ON "oauth_access_grants" ("token")
  [1m[36m (0.2ms)[0m  [1mCREATE TABLE "oauth_access_tokens" ("id" INTEGER PRIMARY KEY AUTOINCREMENT NOT NULL, "resource_owner_id" integer, "application_id" integer, "token" varchar(255) NOT NULL, "refresh_token" varchar(255), "expires_in" integer, "revoked_at" datetime, "created_at" datetime NOT NULL, "scopes" varchar(255)) [0m
  [1m[35m (0.2ms)[0m  CREATE UNIQUE INDEX "index_oauth_access_tokens_on_token" ON "oauth_access_tokens" ("token")
  [1m[36m (0.2ms)[0m  [1mCREATE INDEX "index_oauth_access_tokens_on_resource_owner_id" ON "oauth_access_tokens" ("resource_owner_id")[0m
  [1m[35m (0.2ms)[0m  CREATE UNIQUE INDEX "index_oauth_access_tokens_on_refresh_token" ON "oauth_access_tokens" ("refresh_token")
  [1m[36mSQL (0.3ms)[0m  [1mINSERT INTO "schema_migrations" ("version") VALUES (?)[0m  [["version", "20140204134750"]]
  [1m[35m (15.8ms)[0m  commit transaction
Migrating to CreateSensitTopics (20140204134752)
  [1m[36m (0.1ms)[0m  [1mbegin transaction[0m
  [1m[35m (0.5ms)[0m  CREATE TABLE "sensit_topics" ("id" INTEGER PRIMARY KEY AUTOINCREMENT NOT NULL, "name" varchar(255), "description" varchar(255), "slug" varchar(255), "user_id" integer, "application_id" integer, "ttl" integer, "created_at" datetime, "updated_at" datetime) 
  [1m[36mSQL (0.6ms)[0m  [1mINSERT INTO "schema_migrations" ("version") VALUES (?)[0m  [["version", "20140204134752"]]
  [1m[35m (1.8ms)[0m  commit transaction
Migrating to AddNameToSensitUsers (20140204134753)
  [1m[36m (0.2ms)[0m  [1mbegin transaction[0m
  [1m[35m (2.2ms)[0m  ALTER TABLE "sensit_users" ADD "name" varchar(255)
  [1m[36mSQL (0.5ms)[0m  [1mINSERT INTO "schema_migrations" ("version") VALUES (?)[0m  [["version", "20140204134753"]]
  [1m[35m (1.2ms)[0m  commit transaction
Migrating to CreateSensitTopicFields (20140204134754)
  [1m[36m (0.1ms)[0m  [1mbegin transaction[0m
  [1m[35m (0.5ms)[0m  CREATE TABLE "sensit_topic_fields" ("id" INTEGER PRIMARY KEY AUTOINCREMENT NOT NULL, "name" varchar(255), "key" varchar(255), "unit_id" integer, "topic_id" integer, "datatype" varchar(255), "slug" varchar(255), "created_at" datetime, "updated_at" datetime) 
  [1m[36mSQL (0.6ms)[0m  [1mINSERT INTO "schema_migrations" ("version") VALUES (?)[0m  [["version", "20140204134754"]]
  [1m[35m (1.6ms)[0m  commit transaction
Migrating to CreateSensitTopicReports (20140204134755)
  [1m[36m (0.1ms)[0m  [1mbegin transaction[0m
  [1m[35m (0.5ms)[0m  CREATE TABLE "sensit_topic_reports" ("id" INTEGER PRIMARY KEY AUTOINCREMENT NOT NULL, "name" varchar(255), "query" text, "topic_id" integer, "slug" varchar(255), "created_at" datetime, "updated_at" datetime) 
  [1m[36mSQL (0.6ms)[0m  [1mINSERT INTO "schema_migrations" ("version") VALUES (?)[0m  [["version", "20140204134755"]]
  [1m[35m (1.5ms)[0m  commit transaction
Migrating to CreateSensitTopicReportFacets (20140204134756)
  [1m[36m (0.1ms)[0m  [1mbegin transaction[0m
  [1m[35m (0.5ms)[0m  CREATE TABLE "sensit_topic_report_facets" ("id" INTEGER PRIMARY KEY AUTOINCREMENT NOT NULL, "name" varchar(255), "type" varchar(255), "slug" varchar(255), "query" text, "report_id" integer, "created_at" datetime, "updated_at" datetime) 
  [1m[36mSQL (0.6ms)[0m  [1mINSERT INTO "schema_migrations" ("version") VALUES (?)[0m  [["version", "20140204134756"]]
  [1m[35m (1.5ms)[0m  commit transaction
  [1m[36mActiveRecord::SchemaMigration Load (0.2ms)[0m  [1mSELECT "schema_migrations".* FROM "schema_migrations"[0m
  [1m[36m (1.7ms)[0m  [1mCREATE TABLE "schema_migrations" ("version" varchar(255) NOT NULL) [0m
  [1m[35m (1.3ms)[0m  CREATE UNIQUE INDEX "unique_schema_migrations" ON "schema_migrations" ("version")
  [1m[36mActiveRecord::SchemaMigration Load (0.2ms)[0m  [1mSELECT "schema_migrations".* FROM "schema_migrations"[0m
Migrating to DeviseCreateSensitUsers (20140204134743)
  [1m[35m (0.1ms)[0m  begin transaction
  [1m[36m (0.7ms)[0m  [1mCREATE TABLE "sensit_users" ("id" INTEGER PRIMARY KEY AUTOINCREMENT NOT NULL, "email" varchar(255) DEFAULT '' NOT NULL, "encrypted_password" varchar(255) DEFAULT '' NOT NULL, "reset_password_token" varchar(255), "reset_password_sent_at" datetime, "remember_created_at" datetime, "sign_in_count" integer DEFAULT 0 NOT NULL, "current_sign_in_at" datetime, "last_sign_in_at" datetime, "current_sign_in_ip" varchar(255), "last_sign_in_ip" varchar(255), "created_at" datetime, "updated_at" datetime) [0m
  [1m[35m (0.5ms)[0m  CREATE UNIQUE INDEX "index_sensit_users_on_email" ON "sensit_users" ("email")
  [1m[36m (0.2ms)[0m  [1mCREATE UNIQUE INDEX "index_sensit_users_on_reset_password_token" ON "sensit_users" ("reset_password_token")[0m
  [1m[35mSQL (0.3ms)[0m  INSERT INTO "schema_migrations" ("version") VALUES (?)  [["version", "20140204134743"]]
  [1m[36m (1.8ms)[0m  [1mcommit transaction[0m
Migrating to CreateDoorkeeperTables (20140204134750)
  [1m[35m (0.1ms)[0m  begin transaction
  [1m[36m (0.5ms)[0m  [1mCREATE TABLE "oauth_applications" ("id" INTEGER PRIMARY KEY AUTOINCREMENT NOT NULL, "name" varchar(255) NOT NULL, "uid" varchar(255) NOT NULL, "secret" varchar(255) NOT NULL, "redirect_uri" text NOT NULL, "created_at" datetime, "updated_at" datetime) [0m
  [1m[35m (0.4ms)[0m  CREATE UNIQUE INDEX "index_oauth_applications_on_uid" ON "oauth_applications" ("uid")
  [1m[36m (0.3ms)[0m  [1mCREATE TABLE "oauth_access_grants" ("id" INTEGER PRIMARY KEY AUTOINCREMENT NOT NULL, "resource_owner_id" integer NOT NULL, "application_id" integer NOT NULL, "token" varchar(255) NOT NULL, "expires_in" integer NOT NULL, "redirect_uri" text NOT NULL, "created_at" datetime NOT NULL, "revoked_at" datetime, "scopes" varchar(255)) [0m
  [1m[35m (0.2ms)[0m  CREATE UNIQUE INDEX "index_oauth_access_grants_on_token" ON "oauth_access_grants" ("token")
  [1m[36m (0.2ms)[0m  [1mCREATE TABLE "oauth_access_tokens" ("id" INTEGER PRIMARY KEY AUTOINCREMENT NOT NULL, "resource_owner_id" integer, "application_id" integer, "token" varchar(255) NOT NULL, "refresh_token" varchar(255), "expires_in" integer, "revoked_at" datetime, "created_at" datetime NOT NULL, "scopes" varchar(255)) [0m
  [1m[35m (0.2ms)[0m  CREATE UNIQUE INDEX "index_oauth_access_tokens_on_token" ON "oauth_access_tokens" ("token")
  [1m[36m (0.2ms)[0m  [1mCREATE INDEX "index_oauth_access_tokens_on_resource_owner_id" ON "oauth_access_tokens" ("resource_owner_id")[0m
  [1m[35m (0.2ms)[0m  CREATE UNIQUE INDEX "index_oauth_access_tokens_on_refresh_token" ON "oauth_access_tokens" ("refresh_token")
  [1m[36mSQL (0.3ms)[0m  [1mINSERT INTO "schema_migrations" ("version") VALUES (?)[0m  [["version", "20140204134750"]]
  [1m[35m (2.3ms)[0m  commit transaction
Migrating to CreateSensitTopics (20140204134752)
  [1m[36m (0.1ms)[0m  [1mbegin transaction[0m
  [1m[35m (0.5ms)[0m  CREATE TABLE "sensit_topics" ("id" INTEGER PRIMARY KEY AUTOINCREMENT NOT NULL, "name" varchar(255), "description" varchar(255), "slug" varchar(255), "user_id" integer, "application_id" integer, "ttl" integer, "created_at" datetime, "updated_at" datetime) 
  [1m[36mSQL (0.6ms)[0m  [1mINSERT INTO "schema_migrations" ("version") VALUES (?)[0m  [["version", "20140204134752"]]
  [1m[35m (1.6ms)[0m  commit transaction
Migrating to AddNameToSensitUsers (20140204134753)
  [1m[36m (0.1ms)[0m  [1mbegin transaction[0m
  [1m[35m (0.8ms)[0m  ALTER TABLE "sensit_users" ADD "name" varchar(255)
  [1m[36mSQL (0.6ms)[0m  [1mINSERT INTO "schema_migrations" ("version") VALUES (?)[0m  [["version", "20140204134753"]]
  [1m[35m (1.5ms)[0m  commit transaction
Migrating to CreateSensitTopicFields (20140204134754)
  [1m[36m (0.1ms)[0m  [1mbegin transaction[0m
  [1m[35m (0.5ms)[0m  CREATE TABLE "sensit_topic_fields" ("id" INTEGER PRIMARY KEY AUTOINCREMENT NOT NULL, "name" varchar(255), "key" varchar(255), "unit_id" integer, "topic_id" integer, "datatype" varchar(255), "slug" varchar(255), "created_at" datetime, "updated_at" datetime) 
  [1m[36mSQL (0.6ms)[0m  [1mINSERT INTO "schema_migrations" ("version") VALUES (?)[0m  [["version", "20140204134754"]]
  [1m[35m (1.7ms)[0m  commit transaction
Migrating to CreateSensitTopicReports (20140204134755)
  [1m[36m (0.1ms)[0m  [1mbegin transaction[0m
  [1m[35m (0.5ms)[0m  CREATE TABLE "sensit_topic_reports" ("id" INTEGER PRIMARY KEY AUTOINCREMENT NOT NULL, "name" varchar(255), "query" text, "topic_id" integer, "slug" varchar(255), "created_at" datetime, "updated_at" datetime) 
  [1m[36mSQL (0.6ms)[0m  [1mINSERT INTO "schema_migrations" ("version") VALUES (?)[0m  [["version", "20140204134755"]]
  [1m[35m (4.6ms)[0m  commit transaction
Migrating to CreateSensitTopicReportFacets (20140204134756)
  [1m[36m (0.1ms)[0m  [1mbegin transaction[0m
  [1m[35m (0.6ms)[0m  CREATE TABLE "sensit_topic_report_facets" ("id" INTEGER PRIMARY KEY AUTOINCREMENT NOT NULL, "name" varchar(255), "facet_type" varchar(255), "slug" varchar(255), "query" text, "report_id" integer, "created_at" datetime, "updated_at" datetime) 
  [1m[36mSQL (0.7ms)[0m  [1mINSERT INTO "schema_migrations" ("version") VALUES (?)[0m  [["version", "20140204134756"]]
  [1m[35m (1.2ms)[0m  commit transaction
  [1m[36mActiveRecord::SchemaMigration Load (2.0ms)[0m  [1mSELECT "schema_migrations".* FROM "schema_migrations"[0m
  [1m[36m (1.9ms)[0m  [1mCREATE TABLE "schema_migrations" ("version" varchar(255) NOT NULL) [0m
  [1m[35m (2.1ms)[0m  CREATE UNIQUE INDEX "unique_schema_migrations" ON "schema_migrations" ("version")
  [1m[36mActiveRecord::SchemaMigration Load (0.3ms)[0m  [1mSELECT "schema_migrations".* FROM "schema_migrations"[0m
Migrating to DeviseCreateSensitUsers (20140204134743)
  [1m[35m (0.1ms)[0m  begin transaction
  [1m[36m (3.1ms)[0m  [1mCREATE TABLE "sensit_users" ("id" INTEGER PRIMARY KEY AUTOINCREMENT NOT NULL, "email" varchar(255) DEFAULT '' NOT NULL, "encrypted_password" varchar(255) DEFAULT '' NOT NULL, "reset_password_token" varchar(255), "reset_password_sent_at" datetime, "remember_created_at" datetime, "sign_in_count" integer DEFAULT 0 NOT NULL, "current_sign_in_at" datetime, "last_sign_in_at" datetime, "current_sign_in_ip" varchar(255), "last_sign_in_ip" varchar(255), "created_at" datetime, "updated_at" datetime) [0m
  [1m[35m (0.7ms)[0m  CREATE UNIQUE INDEX "index_sensit_users_on_email" ON "sensit_users" ("email")
  [1m[36m (0.3ms)[0m  [1mCREATE UNIQUE INDEX "index_sensit_users_on_reset_password_token" ON "sensit_users" ("reset_password_token")[0m
  [1m[35mSQL (0.4ms)[0m  INSERT INTO "schema_migrations" ("version") VALUES (?)  [["version", "20140204134743"]]
  [1m[36m (4.9ms)[0m  [1mcommit transaction[0m
Migrating to CreateDoorkeeperTables (20140204134750)
  [1m[35m (0.1ms)[0m  begin transaction
  [1m[36m (0.7ms)[0m  [1mCREATE TABLE "oauth_applications" ("id" INTEGER PRIMARY KEY AUTOINCREMENT NOT NULL, "name" varchar(255) NOT NULL, "uid" varchar(255) NOT NULL, "secret" varchar(255) NOT NULL, "redirect_uri" text NOT NULL, "created_at" datetime, "updated_at" datetime) [0m
  [1m[35m (0.7ms)[0m  CREATE UNIQUE INDEX "index_oauth_applications_on_uid" ON "oauth_applications" ("uid")
  [1m[36m (0.3ms)[0m  [1mCREATE TABLE "oauth_access_grants" ("id" INTEGER PRIMARY KEY AUTOINCREMENT NOT NULL, "resource_owner_id" integer NOT NULL, "application_id" integer NOT NULL, "token" varchar(255) NOT NULL, "expires_in" integer NOT NULL, "redirect_uri" text NOT NULL, "created_at" datetime NOT NULL, "revoked_at" datetime, "scopes" varchar(255)) [0m
  [1m[35m (0.2ms)[0m  CREATE UNIQUE INDEX "index_oauth_access_grants_on_token" ON "oauth_access_grants" ("token")
  [1m[36m (0.3ms)[0m  [1mCREATE TABLE "oauth_access_tokens" ("id" INTEGER PRIMARY KEY AUTOINCREMENT NOT NULL, "resource_owner_id" integer, "application_id" integer, "token" varchar(255) NOT NULL, "refresh_token" varchar(255), "expires_in" integer, "revoked_at" datetime, "created_at" datetime NOT NULL, "scopes" varchar(255)) [0m
  [1m[35m (0.3ms)[0m  CREATE UNIQUE INDEX "index_oauth_access_tokens_on_token" ON "oauth_access_tokens" ("token")
  [1m[36m (0.3ms)[0m  [1mCREATE INDEX "index_oauth_access_tokens_on_resource_owner_id" ON "oauth_access_tokens" ("resource_owner_id")[0m
  [1m[35m (0.5ms)[0m  CREATE UNIQUE INDEX "index_oauth_access_tokens_on_refresh_token" ON "oauth_access_tokens" ("refresh_token")
  [1m[36mSQL (0.2ms)[0m  [1mINSERT INTO "schema_migrations" ("version") VALUES (?)[0m  [["version", "20140204134750"]]
  [1m[35m (2.0ms)[0m  commit transaction
Migrating to CreateSensitTopics (20140204134752)
  [1m[36m (0.1ms)[0m  [1mbegin transaction[0m
  [1m[35m (0.7ms)[0m  CREATE TABLE "sensit_topics" ("id" INTEGER PRIMARY KEY AUTOINCREMENT NOT NULL, "name" varchar(255), "description" varchar(255), "slug" varchar(255), "user_id" integer, "application_id" integer, "ttl" integer, "created_at" datetime, "updated_at" datetime) 
  [1m[36mSQL (0.6ms)[0m  [1mINSERT INTO "schema_migrations" ("version") VALUES (?)[0m  [["version", "20140204134752"]]
  [1m[35m (1.4ms)[0m  commit transaction
Migrating to AddNameToSensitUsers (20140204134753)
  [1m[36m (0.1ms)[0m  [1mbegin transaction[0m
  [1m[35m (1.1ms)[0m  ALTER TABLE "sensit_users" ADD "name" varchar(255)
  [1m[36mSQL (0.6ms)[0m  [1mINSERT INTO "schema_migrations" ("version") VALUES (?)[0m  [["version", "20140204134753"]]
  [1m[35m (1.4ms)[0m  commit transaction
Migrating to CreateSensitTopicFields (20140204134754)
  [1m[36m (0.1ms)[0m  [1mbegin transaction[0m
  [1m[35m (0.6ms)[0m  CREATE TABLE "sensit_topic_fields" ("id" INTEGER PRIMARY KEY AUTOINCREMENT NOT NULL, "name" varchar(255), "key" varchar(255), "unit_id" integer, "topic_id" integer, "datatype" varchar(255), "slug" varchar(255), "created_at" datetime, "updated_at" datetime) 
  [1m[36mSQL (0.6ms)[0m  [1mINSERT INTO "schema_migrations" ("version") VALUES (?)[0m  [["version", "20140204134754"]]
  [1m[35m (1.8ms)[0m  commit transaction
Migrating to CreateSensitTopicReports (20140204134755)
  [1m[36m (0.1ms)[0m  [1mbegin transaction[0m
  [1m[35m (0.5ms)[0m  CREATE TABLE "sensit_topic_reports" ("id" INTEGER PRIMARY KEY AUTOINCREMENT NOT NULL, "name" varchar(255), "query" text, "topic_id" integer, "slug" varchar(255), "created_at" datetime, "updated_at" datetime) 
  [1m[36mSQL (0.6ms)[0m  [1mINSERT INTO "schema_migrations" ("version") VALUES (?)[0m  [["version", "20140204134755"]]
  [1m[35m (1.4ms)[0m  commit transaction
Migrating to CreateSensitTopicReportFacets (20140204134756)
  [1m[36m (0.1ms)[0m  [1mbegin transaction[0m
  [1m[35m (0.5ms)[0m  CREATE TABLE "sensit_topic_report_facets" ("id" INTEGER PRIMARY KEY AUTOINCREMENT NOT NULL, "name" varchar(255), "kind" varchar(255), "slug" varchar(255), "query" text, "report_id" integer, "created_at" datetime, "updated_at" datetime) 
  [1m[36mSQL (1.1ms)[0m  [1mINSERT INTO "schema_migrations" ("version") VALUES (?)[0m  [["version", "20140204134756"]]
  [1m[35m (2.9ms)[0m  commit transaction
  [1m[36mActiveRecord::SchemaMigration Load (0.2ms)[0m  [1mSELECT "schema_migrations".* FROM "schema_migrations"[0m
