  [1m[36m (3.3ms)[0m  [1mCREATE TABLE "schema_migrations" ("version" varchar(255) NOT NULL) [0m
  [1m[35m (1.5ms)[0m  CREATE UNIQUE INDEX "unique_schema_migrations" ON "schema_migrations" ("version")
  [1m[36mActiveRecord::SchemaMigration Load (0.2ms)[0m  [1mSELECT "schema_migrations".* FROM "schema_migrations"[0m
Migrating to CreateSensitTopics (20131207183110)
  [1m[35m (0.1ms)[0m  begin transaction
  [1m[36m (0.4ms)[0m  [1mCREATE TABLE "sensit_topics" ("id" INTEGER PRIMARY KEY AUTOINCREMENT NOT NULL, "api_key_id" integer, "name" varchar(255), "description" varchar(255), "created_at" datetime, "updated_at" datetime) [0m
  [1m[35mSQL (0.2ms)[0m  INSERT INTO "schema_migrations" ("version") VALUES (?)  [["version", "20131207183110"]]
  [1m[36m (1.0ms)[0m  [1mcommit transaction[0m
Migrating to CreateSensitTopicFields (20131207183111)
  [1m[35m (0.1ms)[0m  begin transaction
  [1m[36m (0.3ms)[0m  [1mCREATE TABLE "sensit_topic_fields" ("id" INTEGER PRIMARY KEY AUTOINCREMENT NOT NULL, "name" varchar(255), "key" varchar(255), "unit_id" integer, "topic_id" integer, "created_at" datetime, "updated_at" datetime) [0m
  [1m[35mSQL (0.1ms)[0m  INSERT INTO "schema_migrations" ("version") VALUES (?)  [["version", "20131207183111"]]
  [1m[36m (1.1ms)[0m  [1mcommit transaction[0m
Migrating to CreateSensitDatatypes (20131207183112)
  [1m[35m (0.1ms)[0m  begin transaction
  [1m[36m (0.3ms)[0m  [1mCREATE TABLE "sensit_datatypes" ("id" INTEGER PRIMARY KEY AUTOINCREMENT NOT NULL, "name" varchar(255), "created_at" datetime, "updated_at" datetime) [0m
  [1m[35mSQL (0.2ms)[0m  INSERT INTO "schema_migrations" ("version") VALUES (?)  [["version", "20131207183112"]]
  [1m[36m (1.0ms)[0m  [1mcommit transaction[0m
Migrating to CreateSensitUnits (20131207183113)
  [1m[35m (0.1ms)[0m  begin transaction
  [1m[36m (0.3ms)[0m  [1mCREATE TABLE "sensit_units" ("id" INTEGER PRIMARY KEY AUTOINCREMENT NOT NULL, "name" varchar(255), "abbr" varchar(255), "datatype_id" integer, "group_id" integer, "created_at" datetime, "updated_at" datetime) [0m
  [1m[35mSQL (0.1ms)[0m  INSERT INTO "schema_migrations" ("version") VALUES (?)  [["version", "20131207183113"]]
  [1m[36m (0.8ms)[0m  [1mcommit transaction[0m
Migrating to CreateSensitUnitGroups (20131207183114)
  [1m[35m (0.1ms)[0m  begin transaction
  [1m[36m (0.3ms)[0m  [1mCREATE TABLE "sensit_unit_groups" ("id" INTEGER PRIMARY KEY AUTOINCREMENT NOT NULL, "name" varchar(255), "created_at" datetime, "updated_at" datetime) [0m
  [1m[35mSQL (0.1ms)[0m  INSERT INTO "schema_migrations" ("version") VALUES (?)  [["version", "20131207183114"]]
  [1m[36m (1.0ms)[0m  [1mcommit transaction[0m
Migrating to CreateSensitTopicReports (20131207183115)
  [1m[35m (0.1ms)[0m  begin transaction
  [1m[36m (0.3ms)[0m  [1mCREATE TABLE "sensit_topic_reports" ("id" INTEGER PRIMARY KEY AUTOINCREMENT NOT NULL, "name" varchar(255), "query" text, "topic_id" integer, "created_at" datetime, "updated_at" datetime) [0m
  [1m[35mSQL (0.1ms)[0m  INSERT INTO "schema_migrations" ("version") VALUES (?)  [["version", "20131207183115"]]
  [1m[36m (2.6ms)[0m  [1mcommit transaction[0m
Migrating to CreateSensitTopicSubscriptions (20131207183116)
  [1m[35m (0.1ms)[0m  begin transaction
  [1m[36m (0.3ms)[0m  [1mCREATE TABLE "sensit_topic_subscriptions" ("id" INTEGER PRIMARY KEY AUTOINCREMENT NOT NULL, "name" varchar(255), "host" varchar(255), "auth_token" varchar(255), "protocol" varchar(255), "topic_id" integer, "created_at" datetime, "updated_at" datetime) [0m
  [1m[35mSQL (0.2ms)[0m  INSERT INTO "schema_migrations" ("version") VALUES (?)  [["version", "20131207183116"]]
  [1m[36m (3.3ms)[0m  [1mcommit transaction[0m
Migrating to CreateSensitApiKeys (20131207183117)
  [1m[35m (0.1ms)[0m  begin transaction
  [1m[36m (0.5ms)[0m  [1mCREATE TABLE "sensit_api_keys" ("id" INTEGER PRIMARY KEY AUTOINCREMENT NOT NULL, "user_id" integer, "name" varchar(255), "access_token" varchar(255), "expires_at" datetime, "access_bitmask" integer, "created_at" datetime, "updated_at" datetime) [0m
  [1m[35mSQL (0.2ms)[0m  INSERT INTO "schema_migrations" ("version") VALUES (?)  [["version", "20131207183117"]]
  [1m[36m (1.0ms)[0m  [1mcommit transaction[0m
Migrating to CreateSensitApiKeyPermissions (20131207183118)
  [1m[35m (0.1ms)[0m  begin transaction
  [1m[36m (0.4ms)[0m  [1mCREATE TABLE "sensit_api_key_permissions" ("id" INTEGER PRIMARY KEY AUTOINCREMENT NOT NULL, "api_key_id" integer, "access_methods_bitmask" integer, "source_ip" varchar(255), "referer" varchar(255), "minimum_interval" integer, "name" varchar(255), "created_at" datetime, "updated_at" datetime) [0m
  [1m[35mSQL (0.2ms)[0m  INSERT INTO "schema_migrations" ("version") VALUES (?)  [["version", "20131207183118"]]
  [1m[36m (0.9ms)[0m  [1mcommit transaction[0m
Migrating to CreateSensitApiKeyPermissionRestrictions (20131207183119)
  [1m[35m (0.1ms)[0m  begin transaction
  [1m[36m (0.5ms)[0m  [1mCREATE TABLE "sensit_api_key_permission_restrictions" ("id" INTEGER PRIMARY KEY AUTOINCREMENT NOT NULL, "api_key_permission_id" integer, "resource_type" varchar(255), "resource_id" integer, "created_at" datetime, "updated_at" datetime) [0m
  [1m[35mSQL (0.1ms)[0m  INSERT INTO "schema_migrations" ("version") VALUES (?)  [["version", "20131207183119"]]
  [1m[36m (1.1ms)[0m  [1mcommit transaction[0m
  [1m[35mActiveRecord::SchemaMigration Load (0.1ms)[0m  SELECT "schema_migrations".* FROM "schema_migrations"
  [1m[36mSensit::Topic::Field Load (1.6ms)[0m  [1mSELECT "sensit_topic_fields".* FROM "sensit_topic_fields"[0m
  [1m[36m (3.1ms)[0m  [1mCREATE TABLE "schema_migrations" ("version" varchar(255) NOT NULL) [0m
  [1m[35m (0.9ms)[0m  CREATE UNIQUE INDEX "unique_schema_migrations" ON "schema_migrations" ("version")
  [1m[36mActiveRecord::SchemaMigration Load (0.1ms)[0m  [1mSELECT "schema_migrations".* FROM "schema_migrations"[0m
Migrating to CreateSensitApiKeys (20131207183117)
  [1m[35m (0.1ms)[0m  begin transaction
  [1m[36m (0.4ms)[0m  [1mCREATE TABLE "sensit_api_keys" ("id" INTEGER PRIMARY KEY AUTOINCREMENT NOT NULL, "user_id" integer, "name" varchar(255), "access_token" varchar(255), "expires_at" datetime, "access_bitmask" integer, "created_at" datetime, "updated_at" datetime) [0m
  [1m[35mSQL (0.2ms)[0m  INSERT INTO "schema_migrations" ("version") VALUES (?)  [["version", "20131207183117"]]
  [1m[36m (1.0ms)[0m  [1mcommit transaction[0m
Migrating to CreateSensitApiKeyPermissions (20131207183118)
  [1m[35m (0.1ms)[0m  begin transaction
  [1m[36m (0.3ms)[0m  [1mCREATE TABLE "sensit_api_key_permissions" ("id" INTEGER PRIMARY KEY AUTOINCREMENT NOT NULL, "api_key_id" integer, "access_methods_bitmask" integer, "source_ip" varchar(255), "referer" varchar(255), "minimum_interval" integer, "name" varchar(255), "created_at" datetime, "updated_at" datetime) [0m
  [1m[35mSQL (0.1ms)[0m  INSERT INTO "schema_migrations" ("version") VALUES (?)  [["version", "20131207183118"]]
  [1m[36m (1.2ms)[0m  [1mcommit transaction[0m
Migrating to CreateSensitApiKeyPermissionRestrictions (20131207183119)
  [1m[35m (0.1ms)[0m  begin transaction
  [1m[36m (0.3ms)[0m  [1mCREATE TABLE "sensit_api_key_permission_restrictions" ("id" INTEGER PRIMARY KEY AUTOINCREMENT NOT NULL, "api_key_permission_id" integer, "resource_type" varchar(255), "resource_id" integer, "created_at" datetime, "updated_at" datetime) [0m
  [1m[35mSQL (0.1ms)[0m  INSERT INTO "schema_migrations" ("version") VALUES (?)  [["version", "20131207183119"]]
  [1m[36m (1.1ms)[0m  [1mcommit transaction[0m
Migrating to CreateSensitTopics (20131218043609)
  [1m[35m (0.1ms)[0m  begin transaction
  [1m[36m (0.3ms)[0m  [1mCREATE TABLE "sensit_topics" ("id" INTEGER PRIMARY KEY AUTOINCREMENT NOT NULL, "api_key_id" integer, "name" varchar(255), "description" varchar(255), "created_at" datetime, "updated_at" datetime) [0m
  [1m[35mSQL (0.1ms)[0m  INSERT INTO "schema_migrations" ("version") VALUES (?)  [["version", "20131218043609"]]
  [1m[36m (1.0ms)[0m  [1mcommit transaction[0m
Migrating to CreateSensitTopicFields (20131218043610)
  [1m[35m (0.1ms)[0m  begin transaction
  [1m[36m (0.3ms)[0m  [1mCREATE TABLE "sensit_topic_fields" ("id" INTEGER PRIMARY KEY AUTOINCREMENT NOT NULL, "name" varchar(255), "key" varchar(255), "unit_id" integer, "topic_id" integer, "datatype" varchar(255), "created_at" datetime, "updated_at" datetime) [0m
  [1m[35mSQL (0.1ms)[0m  INSERT INTO "schema_migrations" ("version") VALUES (?)  [["version", "20131218043610"]]
  [1m[36m (0.9ms)[0m  [1mcommit transaction[0m
Migrating to CreateSensitUnits (20131218043611)
  [1m[35m (0.1ms)[0m  begin transaction
  [1m[36m (0.4ms)[0m  [1mCREATE TABLE "sensit_units" ("id" INTEGER PRIMARY KEY AUTOINCREMENT NOT NULL, "name" varchar(255), "abbr" varchar(255), "group_id" integer, "created_at" datetime, "updated_at" datetime) [0m
  [1m[35mSQL (0.2ms)[0m  INSERT INTO "schema_migrations" ("version") VALUES (?)  [["version", "20131218043611"]]
  [1m[36m (1.9ms)[0m  [1mcommit transaction[0m
Migrating to CreateSensitUnitGroups (20131218043612)
  [1m[35m (0.1ms)[0m  begin transaction
  [1m[36m (0.3ms)[0m  [1mCREATE TABLE "sensit_unit_groups" ("id" INTEGER PRIMARY KEY AUTOINCREMENT NOT NULL, "name" varchar(255), "created_at" datetime, "updated_at" datetime) [0m
  [1m[35mSQL (0.1ms)[0m  INSERT INTO "schema_migrations" ("version") VALUES (?)  [["version", "20131218043612"]]
  [1m[36m (3.8ms)[0m  [1mcommit transaction[0m
Migrating to CreateSensitTopicReports (20131218043613)
  [1m[35m (0.1ms)[0m  begin transaction
  [1m[36m (0.5ms)[0m  [1mCREATE TABLE "sensit_topic_reports" ("id" INTEGER PRIMARY KEY AUTOINCREMENT NOT NULL, "name" varchar(255), "query" text, "topic_id" integer, "created_at" datetime, "updated_at" datetime) [0m
  [1m[35mSQL (0.2ms)[0m  INSERT INTO "schema_migrations" ("version") VALUES (?)  [["version", "20131218043613"]]
  [1m[36m (1.0ms)[0m  [1mcommit transaction[0m
Migrating to CreateSensitTopicSubscriptions (20131218043614)
  [1m[35m (0.1ms)[0m  begin transaction
  [1m[36m (0.4ms)[0m  [1mCREATE TABLE "sensit_topic_subscriptions" ("id" INTEGER PRIMARY KEY AUTOINCREMENT NOT NULL, "name" varchar(255), "host" varchar(255), "auth_token" varchar(255), "protocol" varchar(255), "topic_id" integer, "created_at" datetime, "updated_at" datetime) [0m
  [1m[35mSQL (0.2ms)[0m  INSERT INTO "schema_migrations" ("version") VALUES (?)  [["version", "20131218043614"]]
  [1m[36m (1.3ms)[0m  [1mcommit transaction[0m
  [1m[35mActiveRecord::SchemaMigration Load (0.1ms)[0m  SELECT "schema_migrations".* FROM "schema_migrations"
  [1m[36m (47.4ms)[0m  [1mCREATE TABLE "schema_migrations" ("version" varchar(255) NOT NULL) [0m
  [1m[35m (1.3ms)[0m  CREATE UNIQUE INDEX "unique_schema_migrations" ON "schema_migrations" ("version")
  [1m[36mActiveRecord::SchemaMigration Load (0.2ms)[0m  [1mSELECT "schema_migrations".* FROM "schema_migrations"[0m
Migrating to CreateSensitApiKeys (20131207183117)
  [1m[35m (0.1ms)[0m  begin transaction
  [1m[36m (0.5ms)[0m  [1mCREATE TABLE "sensit_api_keys" ("id" INTEGER PRIMARY KEY AUTOINCREMENT NOT NULL, "user_id" integer, "name" varchar(255), "access_token" varchar(255), "expires_at" datetime, "access_bitmask" integer, "created_at" datetime, "updated_at" datetime) [0m
  [1m[35mSQL (0.2ms)[0m  INSERT INTO "schema_migrations" ("version") VALUES (?)  [["version", "20131207183117"]]
  [1m[36m (0.9ms)[0m  [1mcommit transaction[0m
Migrating to CreateSensitApiKeyPermissions (20131207183118)
  [1m[35m (0.1ms)[0m  begin transaction
  [1m[36m (0.5ms)[0m  [1mCREATE TABLE "sensit_api_key_permissions" ("id" INTEGER PRIMARY KEY AUTOINCREMENT NOT NULL, "api_key_id" integer, "access_methods_bitmask" integer, "source_ip" varchar(255), "referer" varchar(255), "minimum_interval" integer, "name" varchar(255), "created_at" datetime, "updated_at" datetime) [0m
  [1m[35mSQL (0.2ms)[0m  INSERT INTO "schema_migrations" ("version") VALUES (?)  [["version", "20131207183118"]]
  [1m[36m (1.4ms)[0m  [1mcommit transaction[0m
Migrating to CreateSensitApiKeyPermissionRestrictions (20131207183119)
  [1m[35m (0.1ms)[0m  begin transaction
  [1m[36m (0.5ms)[0m  [1mCREATE TABLE "sensit_api_key_permission_restrictions" ("id" INTEGER PRIMARY KEY AUTOINCREMENT NOT NULL, "api_key_permission_id" integer, "resource_type" varchar(255), "resource_id" integer, "created_at" datetime, "updated_at" datetime) [0m
  [1m[35mSQL (0.2ms)[0m  INSERT INTO "schema_migrations" ("version") VALUES (?)  [["version", "20131207183119"]]
  [1m[36m (0.9ms)[0m  [1mcommit transaction[0m
Migrating to CreateSensitTopics (20131223052550)
  [1m[35m (0.1ms)[0m  begin transaction
  [1m[36m (0.9ms)[0m  [1mCREATE TABLE "sensit_topics" ("id" INTEGER PRIMARY KEY AUTOINCREMENT NOT NULL, "api_key_id" integer, "name" varchar(255), "description" varchar(255), "slug" varchar(255), "created_at" datetime, "updated_at" datetime) [0m
  [1m[35mSQL (0.2ms)[0m  INSERT INTO "schema_migrations" ("version") VALUES (?)  [["version", "20131223052550"]]
  [1m[36m (1.0ms)[0m  [1mcommit transaction[0m
Migrating to CreateSensitTopicFields (20131223052551)
  [1m[35m (0.1ms)[0m  begin transaction
  [1m[36m (0.5ms)[0m  [1mCREATE TABLE "sensit_topic_fields" ("id" INTEGER PRIMARY KEY AUTOINCREMENT NOT NULL, "name" varchar(255), "key" varchar(255), "unit_id" integer, "topic_id" integer, "datatype" varchar(255), "slug" varchar(255), "created_at" datetime, "updated_at" datetime) [0m
  [1m[35mSQL (0.2ms)[0m  INSERT INTO "schema_migrations" ("version") VALUES (?)  [["version", "20131223052551"]]
  [1m[36m (1.3ms)[0m  [1mcommit transaction[0m
Migrating to CreateSensitUnits (20131223052552)
  [1m[35m (0.1ms)[0m  begin transaction
  [1m[36m (0.3ms)[0m  [1mCREATE TABLE "sensit_units" ("id" INTEGER PRIMARY KEY AUTOINCREMENT NOT NULL, "name" varchar(255), "abbr" varchar(255), "group_id" integer, "created_at" datetime, "updated_at" datetime) [0m
  [1m[35mSQL (0.1ms)[0m  INSERT INTO "schema_migrations" ("version") VALUES (?)  [["version", "20131223052552"]]
  [1m[36m (0.9ms)[0m  [1mcommit transaction[0m
Migrating to CreateSensitUnitGroups (20131223052553)
  [1m[35m (0.1ms)[0m  begin transaction
  [1m[36m (0.4ms)[0m  [1mCREATE TABLE "sensit_unit_groups" ("id" INTEGER PRIMARY KEY AUTOINCREMENT NOT NULL, "name" varchar(255), "created_at" datetime, "updated_at" datetime) [0m
  [1m[35mSQL (0.2ms)[0m  INSERT INTO "schema_migrations" ("version") VALUES (?)  [["version", "20131223052553"]]
  [1m[36m (1.5ms)[0m  [1mcommit transaction[0m
Migrating to CreateSensitTopicReports (20131223052554)
  [1m[35m (0.1ms)[0m  begin transaction
  [1m[36m (0.4ms)[0m  [1mCREATE TABLE "sensit_topic_reports" ("id" INTEGER PRIMARY KEY AUTOINCREMENT NOT NULL, "name" varchar(255), "query" text, "topic_id" integer, "slug" varchar(255), "created_at" datetime, "updated_at" datetime) [0m
  [1m[35mSQL (0.2ms)[0m  INSERT INTO "schema_migrations" ("version") VALUES (?)  [["version", "20131223052554"]]
  [1m[36m (28.2ms)[0m  [1mcommit transaction[0m
Migrating to CreateSensitTopicSubscriptions (20131223052555)
  [1m[35m (0.1ms)[0m  begin transaction
  [1m[36m (0.5ms)[0m  [1mCREATE TABLE "sensit_topic_subscriptions" ("id" INTEGER PRIMARY KEY AUTOINCREMENT NOT NULL, "name" varchar(255), "host" varchar(255), "auth_token" varchar(255), "protocol" varchar(255), "topic_id" integer, "slug" varchar(255), "created_at" datetime, "updated_at" datetime) [0m
  [1m[35mSQL (0.2ms)[0m  INSERT INTO "schema_migrations" ("version") VALUES (?)  [["version", "20131223052555"]]
  [1m[36m (1.1ms)[0m  [1mcommit transaction[0m
  [1m[35mActiveRecord::SchemaMigration Load (0.1ms)[0m  SELECT "schema_migrations".* FROM "schema_migrations"
  [1m[36m (3.2ms)[0m  [1mCREATE TABLE "schema_migrations" ("version" varchar(255) NOT NULL) [0m
  [1m[35m (1.2ms)[0m  CREATE UNIQUE INDEX "unique_schema_migrations" ON "schema_migrations" ("version")
  [1m[36mActiveRecord::SchemaMigration Load (0.2ms)[0m  [1mSELECT "schema_migrations".* FROM "schema_migrations"[0m
Migrating to CreateSensitTopics (20131223200555)
  [1m[35m (0.1ms)[0m  begin transaction
  [1m[36m (0.4ms)[0m  [1mCREATE TABLE "sensit_topics" ("id" INTEGER PRIMARY KEY AUTOINCREMENT NOT NULL, "name" varchar(255), "description" varchar(255), "slug" varchar(255), "created_at" datetime, "updated_at" datetime) [0m
  [1m[35mSQL (0.2ms)[0m  INSERT INTO "schema_migrations" ("version") VALUES (?)  [["version", "20131223200555"]]
  [1m[36m (1.2ms)[0m  [1mcommit transaction[0m
Migrating to CreateSensitTopicFields (20131223200556)
  [1m[35m (0.1ms)[0m  begin transaction
  [1m[36m (0.4ms)[0m  [1mCREATE TABLE "sensit_topic_fields" ("id" INTEGER PRIMARY KEY AUTOINCREMENT NOT NULL, "name" varchar(255), "key" varchar(255), "unit_id" integer, "topic_id" integer, "datatype" varchar(255), "slug" varchar(255), "created_at" datetime, "updated_at" datetime) [0m
  [1m[35mSQL (0.1ms)[0m  INSERT INTO "schema_migrations" ("version") VALUES (?)  [["version", "20131223200556"]]
  [1m[36m (1.0ms)[0m  [1mcommit transaction[0m
  [1m[35mActiveRecord::SchemaMigration Load (0.1ms)[0m  SELECT "schema_migrations".* FROM "schema_migrations"
  [1m[36m (3.4ms)[0m  [1mCREATE TABLE "schema_migrations" ("version" varchar(255) NOT NULL) [0m
  [1m[35m (1.4ms)[0m  CREATE UNIQUE INDEX "unique_schema_migrations" ON "schema_migrations" ("version")
  [1m[36mActiveRecord::SchemaMigration Load (0.2ms)[0m  [1mSELECT "schema_migrations".* FROM "schema_migrations"[0m
Migrating to CreateSensitTopics (20140116024707)
  [1m[35m (0.1ms)[0m  begin transaction
  [1m[36m (0.4ms)[0m  [1mCREATE TABLE "sensit_topics" ("id" INTEGER PRIMARY KEY AUTOINCREMENT NOT NULL, "name" varchar(255), "description" varchar(255), "slug" varchar(255), "user_id" integer, "created_at" datetime, "updated_at" datetime) [0m
  [1m[35mSQL (0.2ms)[0m  INSERT INTO "schema_migrations" ("version") VALUES (?)  [["version", "20140116024707"]]
  [1m[36m (1.3ms)[0m  [1mcommit transaction[0m
Migrating to CreateSensitUsers (20140116024708)
  [1m[35m (0.1ms)[0m  begin transaction
  [1m[36m (0.3ms)[0m  [1mCREATE TABLE "sensit_users" ("id" INTEGER PRIMARY KEY AUTOINCREMENT NOT NULL, "name" varchar(255), "password_digest" varchar(255), "created_at" datetime, "updated_at" datetime) [0m
  [1m[35mSQL (0.1ms)[0m  INSERT INTO "schema_migrations" ("version") VALUES (?)  [["version", "20140116024708"]]
  [1m[36m (2.0ms)[0m  [1mcommit transaction[0m
Migrating to CreateSensitTopicFields (20140116024709)
  [1m[35m (0.1ms)[0m  begin transaction
  [1m[36m (0.3ms)[0m  [1mCREATE TABLE "sensit_topic_fields" ("id" INTEGER PRIMARY KEY AUTOINCREMENT NOT NULL, "name" varchar(255), "key" varchar(255), "unit_id" integer, "topic_id" integer, "datatype" varchar(255), "slug" varchar(255), "created_at" datetime, "updated_at" datetime) [0m
  [1m[35mSQL (0.1ms)[0m  INSERT INTO "schema_migrations" ("version") VALUES (?)  [["version", "20140116024709"]]
  [1m[36m (1.4ms)[0m  [1mcommit transaction[0m
  [1m[35mActiveRecord::SchemaMigration Load (0.1ms)[0m  SELECT "schema_migrations".* FROM "schema_migrations"
  [1m[36m (2.7ms)[0m  [1mCREATE TABLE "schema_migrations" ("version" varchar(255) NOT NULL) [0m
  [1m[35m (1.1ms)[0m  CREATE UNIQUE INDEX "unique_schema_migrations" ON "schema_migrations" ("version")
  [1m[36mActiveRecord::SchemaMigration Load (0.1ms)[0m  [1mSELECT "schema_migrations".* FROM "schema_migrations"[0m
Migrating to AddDeviseToSensitUsers (20140125225907)
  [1m[35m (0.1ms)[0m  begin transaction
  [1m[36m (0.2ms)[0m  [1mALTER TABLE "sensit_users" ADD "email" varchar(255) DEFAULT '' NOT NULL[0m
SQLite3::SQLException: no such table: sensit_users: ALTER TABLE "sensit_users" ADD "email" varchar(255) DEFAULT '' NOT NULL
  [1m[35m (0.0ms)[0m  rollback transaction
  [1m[36m (3.0ms)[0m  [1mCREATE TABLE "schema_migrations" ("version" varchar(255) NOT NULL) [0m
  [1m[35m (1.3ms)[0m  CREATE UNIQUE INDEX "unique_schema_migrations" ON "schema_migrations" ("version")
  [1m[36mActiveRecord::SchemaMigration Load (0.1ms)[0m  [1mSELECT "schema_migrations".* FROM "schema_migrations"[0m
Migrating to DeviseCreateSensitUsers (20140125230125)
  [1m[35m (0.1ms)[0m  begin transaction
  [1m[36m (0.4ms)[0m  [1mCREATE TABLE "sensit_users" ("id" INTEGER PRIMARY KEY AUTOINCREMENT NOT NULL, "email" varchar(255) DEFAULT '' NOT NULL, "encrypted_password" varchar(255) DEFAULT '' NOT NULL, "reset_password_token" varchar(255), "reset_password_sent_at" datetime, "remember_created_at" datetime, "sign_in_count" integer DEFAULT 0 NOT NULL, "current_sign_in_at" datetime, "last_sign_in_at" datetime, "current_sign_in_ip" varchar(255), "last_sign_in_ip" varchar(255), "created_at" datetime, "updated_at" datetime) [0m
  [1m[35m (0.9ms)[0m  CREATE UNIQUE INDEX "index_sensit_users_on_email" ON "sensit_users" ("email")
  [1m[36m (0.1ms)[0m  [1mCREATE UNIQUE INDEX "index_sensit_users_on_reset_password_token" ON "sensit_users" ("reset_password_token")[0m
  [1m[35mSQL (0.2ms)[0m  INSERT INTO "schema_migrations" ("version") VALUES (?)  [["version", "20140125230125"]]
  [1m[36m (1.5ms)[0m  [1mcommit transaction[0m
Migrating to CreateDoorkeeperTables (20140125230129)
  [1m[35m (0.1ms)[0m  begin transaction
  [1m[36m (0.3ms)[0m  [1mCREATE TABLE "oauth_applications" ("id" INTEGER PRIMARY KEY AUTOINCREMENT NOT NULL, "name" varchar(255) NOT NULL, "uid" varchar(255) NOT NULL, "secret" varchar(255) NOT NULL, "redirect_uri" text NOT NULL, "created_at" datetime, "updated_at" datetime) [0m
  [1m[35m (0.3ms)[0m  CREATE UNIQUE INDEX "index_oauth_applications_on_uid" ON "oauth_applications" ("uid")
  [1m[36m (0.3ms)[0m  [1mCREATE TABLE "oauth_access_grants" ("id" INTEGER PRIMARY KEY AUTOINCREMENT NOT NULL, "resource_owner_id" integer NOT NULL, "application_id" integer NOT NULL, "token" varchar(255) NOT NULL, "expires_in" integer NOT NULL, "redirect_uri" text NOT NULL, "created_at" datetime NOT NULL, "revoked_at" datetime, "scopes" varchar(255)) [0m
  [1m[35m (0.2ms)[0m  CREATE UNIQUE INDEX "index_oauth_access_grants_on_token" ON "oauth_access_grants" ("token")
  [1m[36m (0.1ms)[0m  [1mCREATE TABLE "oauth_access_tokens" ("id" INTEGER PRIMARY KEY AUTOINCREMENT NOT NULL, "resource_owner_id" integer, "application_id" integer, "token" varchar(255) NOT NULL, "refresh_token" varchar(255), "expires_in" integer, "revoked_at" datetime, "created_at" datetime NOT NULL, "scopes" varchar(255)) [0m
  [1m[35m (0.1ms)[0m  CREATE UNIQUE INDEX "index_oauth_access_tokens_on_token" ON "oauth_access_tokens" ("token")
  [1m[36m (0.1ms)[0m  [1mCREATE INDEX "index_oauth_access_tokens_on_resource_owner_id" ON "oauth_access_tokens" ("resource_owner_id")[0m
  [1m[35m (0.1ms)[0m  CREATE UNIQUE INDEX "index_oauth_access_tokens_on_refresh_token" ON "oauth_access_tokens" ("refresh_token")
  [1m[36mSQL (0.2ms)[0m  [1mINSERT INTO "schema_migrations" ("version") VALUES (?)[0m  [["version", "20140125230129"]]
  [1m[35m (1.4ms)[0m  commit transaction
Migrating to CreateSensitTopics (20140125230130)
  [1m[36m (0.1ms)[0m  [1mbegin transaction[0m
  [1m[35m (0.3ms)[0m  CREATE TABLE "sensit_topics" ("id" INTEGER PRIMARY KEY AUTOINCREMENT NOT NULL, "name" varchar(255), "description" varchar(255), "slug" varchar(255), "user_id" integer, "application_id" integer, "ttl" integer, "created_at" datetime, "updated_at" datetime) 
  [1m[36mSQL (0.1ms)[0m  [1mINSERT INTO "schema_migrations" ("version") VALUES (?)[0m  [["version", "20140125230130"]]
  [1m[35m (1.3ms)[0m  commit transaction
Migrating to AddNameToSensitUsers (20140125230131)
  [1m[36m (0.1ms)[0m  [1mbegin transaction[0m
  [1m[35m (0.3ms)[0m  ALTER TABLE "sensit_users" ADD "name" varchar(255)
  [1m[36mSQL (0.1ms)[0m  [1mINSERT INTO "schema_migrations" ("version") VALUES (?)[0m  [["version", "20140125230131"]]
  [1m[35m (1.2ms)[0m  commit transaction
Migrating to CreateSensitTopicFields (20140125230132)
  [1m[36m (0.1ms)[0m  [1mbegin transaction[0m
  [1m[35m (0.3ms)[0m  CREATE TABLE "sensit_topic_fields" ("id" INTEGER PRIMARY KEY AUTOINCREMENT NOT NULL, "name" varchar(255), "key" varchar(255), "unit_id" integer, "topic_id" integer, "datatype" varchar(255), "slug" varchar(255), "created_at" datetime, "updated_at" datetime) 
  [1m[36mSQL (0.4ms)[0m  [1mINSERT INTO "schema_migrations" ("version") VALUES (?)[0m  [["version", "20140125230132"]]
  [1m[35m (34.0ms)[0m  commit transaction
  [1m[36mActiveRecord::SchemaMigration Load (0.1ms)[0m  [1mSELECT "schema_migrations".* FROM "schema_migrations"[0m
